
[planung-engineering] RAW content type: undefined
[planung-engineering] RAW content value sample: undefined
[planung-engineering] PROCESSED content type: undefined

[planung-engineering] RAW content type: undefined
[planung-engineering] RAW content value sample: undefined
[planung-engineering] PROCESSED content type: undefined

[schaltanlagenbau] RAW content type: undefined
[schaltanlagenbau] RAW content value sample: undefined
[schaltanlagenbau] PROCESSED content type: undefined

[schaltanlagenbau] RAW content type: undefined
[schaltanlagenbau] RAW content value sample: undefined
[schaltanlagenbau] PROCESSED content type: undefined

[service-modernisierung] RAW content type: undefined
[service-modernisierung] RAW content value sample: undefined
[service-modernisierung] PROCESSED content type: undefined

[service-modernisierung] RAW content type: undefined
[service-modernisierung] RAW content value sample: undefined
[service-modernisierung] PROCESSED content type: undefined

[montage-installation] RAW content type: undefined
[montage-installation] RAW content value sample: undefined
[montage-installation] PROCESSED content type: undefined

[montage-installation] RAW content type: undefined
[montage-installation] RAW content value sample: undefined
[montage-installation] PROCESSED content type: undefined
